[0m09:10:24.872924 [debug] [MainThread]: Sending event: {'category': 'dbt', 'action': 'invocation', 'label': 'start', 'context': [<snowplow_tracker.self_describing_json.SelfDescribingJson object at 0x7cc567a59970>, <snowplow_tracker.self_describing_json.SelfDescribingJson object at 0x7cc568f25040>, <snowplow_tracker.self_describing_json.SelfDescribingJson object at 0x7cc567771b20>]}


============================== 09:10:24.877830 | 71d97af5-3a98-4832-8e94-56814054e14f ==============================
[0m09:10:24.877830 [info ] [MainThread]: Running with dbt=1.11.4
[0m09:10:24.878780 [debug] [MainThread]: running dbt with arguments {'fail_fast': 'False', 'introspect': 'True', 'version_check': 'True', 'profiles_dir': '/home/dayasagarreddy1/.dbt', 'target_path': 'None', 'log_cache_events': 'False', 'static_parser': 'True', 'log_path': 'logs', 'debug': 'False', 'use_experimental_parser': 'False', 'use_colors': 'True', 'cache_selected_only': 'False', 'warn_error_options': 'WarnErrorOptionsV2(error=[], warn=[], silence=[])', 'indirect_selection': 'eager', 'write_json': 'True', 'empty': 'None', 'send_anonymous_usage_stats': 'True', 'no_print': 'None', 'printer_width': '80', 'warn_error': 'None', 'log_format': 'default', 'invocation_command': 'dbt init cricbuzz_dbt_project', 'quiet': 'False', 'partial_parse': 'True'}
[0m09:10:25.024403 [info ] [MainThread]: Creating dbt configuration folder at /home/dayasagarreddy1/.dbt
[0m09:10:25.039300 [debug] [MainThread]: Starter project path: /home/dayasagarreddy1/.local/lib/python3.12/site-packages/dbt/include/starter_project
[0m09:10:25.043790 [info ] [MainThread]: 
Your new dbt project "cricbuzz_dbt_project" was created!

For more information on how to configure the profiles.yml file,
please consult the dbt documentation here:

  https://docs.getdbt.com/docs/configure-your-profile

One more thing:

Need help? Don't hesitate to reach out to us via GitHub issues or on Slack:

  https://community.getdbt.com/

Happy modeling!

[0m09:10:25.044580 [info ] [MainThread]: Setting up your profile.
[0m09:15:34.692144 [info ] [MainThread]: Profile cricbuzz_dbt_project written to /home/dayasagarreddy1/.dbt/profiles.yml using target's profile_template.yml and your supplied values. Run 'dbt debug' to validate the connection.
[0m09:15:34.693662 [debug] [MainThread]: Resource report: {"command_name": "init", "command_success": true, "command_wall_clock_time": 309.92532, "process_in_blocks": "744", "process_kernel_time": 0.731349, "process_mem_max_rss": "361976", "process_out_blocks": "80", "process_user_time": 5.950871}
[0m09:15:34.695154 [debug] [MainThread]: Command `dbt init` succeeded at 09:15:34.694936 after 309.93 seconds
[0m09:15:34.695954 [debug] [MainThread]: Sending event: {'category': 'dbt', 'action': 'invocation', 'label': 'end', 'context': [<snowplow_tracker.self_describing_json.SelfDescribingJson object at 0x7cc569239e20>, <snowplow_tracker.self_describing_json.SelfDescribingJson object at 0x7cc54900a030>, <snowplow_tracker.self_describing_json.SelfDescribingJson object at 0x7cc54a7ba630>]}
[0m09:15:34.696830 [debug] [MainThread]: Flushing usage events
[0m09:15:35.586668 [debug] [MainThread]: An error was encountered while trying to flush usage events
[0m09:15:58.858663 [debug] [MainThread]: Got an exception trying to initialize tracking


============================== 09:15:58.865481 | 02dd0f6f-ec04-4bc5-9a8a-ccb4e715a6d6 ==============================
[0m09:15:58.865481 [info ] [MainThread]: Running with dbt=1.11.4
[0m09:15:58.866576 [debug] [MainThread]: running dbt with arguments {'version_check': 'True', 'partial_parse': 'True', 'use_colors': 'True', 'warn_error_options': 'WarnErrorOptionsV2(error=[], warn=[], silence=[])', 'warn_error': 'None', 'write_json': 'True', 'printer_width': '80', 'invocation_command': 'dbt debug', 'profiles_dir': '/home/dayasagarreddy1/.dbt', 'empty': 'None', 'send_anonymous_usage_stats': 'True', 'debug': 'False', 'static_parser': 'True', 'indirect_selection': 'eager', 'no_print': 'None', 'log_cache_events': 'False', 'target_path': 'None', 'cache_selected_only': 'False', 'fail_fast': 'False', 'quiet': 'False', 'log_path': 'logs', 'log_format': 'default', 'introspect': 'True', 'use_experimental_parser': 'False'}
[0m09:15:58.908728 [info ] [MainThread]: dbt version: 1.11.4
[0m09:15:58.909478 [info ] [MainThread]: python version: 3.12.3
[0m09:15:58.910091 [info ] [MainThread]: python path: /usr/bin/python3
[0m09:15:58.910624 [info ] [MainThread]: os info: Linux-6.6.111+-x86_64-with-glibc2.39
[0m09:16:02.576104 [info ] [MainThread]: Using profiles dir at /home/dayasagarreddy1/.dbt
[0m09:16:02.577377 [info ] [MainThread]: Using profiles.yml file at /home/dayasagarreddy1/.dbt/profiles.yml
[0m09:16:02.579098 [info ] [MainThread]: Using dbt_project.yml file at /home/dayasagarreddy1/data_extraction/Cricbuzz_Real_Time_Project/dbt_project.yml
[0m09:16:02.580147 [info ] [MainThread]: adapter type: bigquery
[0m09:16:02.580939 [info ] [MainThread]: adapter version: 1.11.0
[0m09:16:02.581846 [info ] [MainThread]: Configuration:
[0m09:16:02.582624 [info ] [MainThread]:   profiles.yml file [[32mOK found and valid[0m]
[0m09:16:02.583599 [info ] [MainThread]:   dbt_project.yml file [[31mERROR not found[0m]
[0m09:16:02.584497 [info ] [MainThread]: Required dependencies:
[0m09:16:02.585676 [debug] [MainThread]: Executing "git --help"
[0m09:16:02.590824 [debug] [MainThread]: STDOUT: "b"usage: git [-v | --version] [-h | --help] [-C <path>] [-c <name>=<value>]\n           [--exec-path[=<path>]] [--html-path] [--man-path] [--info-path]\n           [-p | --paginate | -P | --no-pager] [--no-replace-objects] [--bare]\n           [--git-dir=<path>] [--work-tree=<path>] [--namespace=<name>]\n           [--config-env=<name>=<envvar>] <command> [<args>]\n\nThese are common Git commands used in various situations:\n\nstart a working area (see also: git help tutorial)\n   clone     Clone a repository into a new directory\n   init      Create an empty Git repository or reinitialize an existing one\n\nwork on the current change (see also: git help everyday)\n   add       Add file contents to the index\n   mv        Move or rename a file, a directory, or a symlink\n   restore   Restore working tree files\n   rm        Remove files from the working tree and from the index\n\nexamine the history and state (see also: git help revisions)\n   bisect    Use binary search to find the commit that introduced a bug\n   diff      Show changes between commits, commit and working tree, etc\n   grep      Print lines matching a pattern\n   log       Show commit logs\n   show      Show various types of objects\n   status    Show the working tree status\n\ngrow, mark and tweak your common history\n   branch    List, create, or delete branches\n   commit    Record changes to the repository\n   merge     Join two or more development histories together\n   rebase    Reapply commits on top of another base tip\n   reset     Reset current HEAD to the specified state\n   switch    Switch branches\n   tag       Create, list, delete or verify a tag object signed with GPG\n\ncollaborate (see also: git help workflows)\n   fetch     Download objects and refs from another repository\n   pull      Fetch from and integrate with another repository or a local branch\n   push      Update remote refs along with associated objects\n\n'git help -a' and 'git help -g' list available subcommands and some\nconcept guides. See 'git help <command>' or 'git help <concept>'\nto read about a specific subcommand or concept.\nSee 'git help git' for an overview of the system.\n""
[0m09:16:02.592066 [debug] [MainThread]: STDERR: "b''"
[0m09:16:02.592834 [info ] [MainThread]:  - git [[32mOK found[0m]

[0m09:16:02.593864 [info ] [MainThread]: Connection:
[0m09:16:02.594709 [info ] [MainThread]:   method: oauth
[0m09:16:02.595493 [info ] [MainThread]:   database: project-75b24ad0-af2b-4b2b-863
[0m09:16:02.596538 [info ] [MainThread]:   execution_project: project-75b24ad0-af2b-4b2b-863
[0m09:16:02.597345 [info ] [MainThread]:   schema: dayasagar
[0m09:16:02.598180 [info ] [MainThread]:   location: US
[0m09:16:02.598973 [info ] [MainThread]:   priority: interactive
[0m09:16:02.599736 [info ] [MainThread]:   maximum_bytes_billed: None
[0m09:16:02.600540 [info ] [MainThread]:   impersonate_service_account: None
[0m09:16:02.601328 [info ] [MainThread]:   job_retry_deadline_seconds: None
[0m09:16:02.602143 [info ] [MainThread]:   job_retries: 1
[0m09:16:02.602856 [info ] [MainThread]:   job_creation_timeout_seconds: None
[0m09:16:02.603634 [info ] [MainThread]:   job_execution_timeout_seconds: 300
[0m09:16:02.604429 [info ] [MainThread]:   timeout_seconds: 300
[0m09:16:02.605247 [info ] [MainThread]:   client_id: None
[0m09:16:02.606112 [info ] [MainThread]:   token_uri: None
[0m09:16:02.606870 [info ] [MainThread]:   compute_region: None
[0m09:16:02.607700 [info ] [MainThread]:   dataproc_cluster_name: None
[0m09:16:02.608470 [info ] [MainThread]:   gcs_bucket: None
[0m09:16:02.609260 [info ] [MainThread]:   dataproc_batch: None
[0m09:16:02.610337 [info ] [MainThread]: Registered adapter: bigquery=1.11.0
[0m09:16:02.855342 [debug] [MainThread]: Acquiring new bigquery connection 'debug'
[0m09:16:02.856144 [debug] [MainThread]: On debug: select 1 as id
[0m09:16:02.856799 [debug] [MainThread]: Opening a new connection, currently in state init
[0m09:16:03.601213 [debug] [MainThread]: BigQuery adapter: https://console.cloud.google.com/bigquery?project=project-75b24ad0-af2b-4b2b-863&j=bq:US:67fc70fa-88a9-49bb-bdc9-8f0a143f163b&page=queryresults
[0m09:16:03.978169 [debug] [MainThread]: SQL status: OK in 0.376 seconds
[0m09:16:04.538855 [info ] [MainThread]:   Connection test: [[32mOK connection ok[0m]

[0m09:16:04.539764 [info ] [MainThread]: [31m1 check failed:[0m
[0m09:16:04.540451 [info ] [MainThread]: Project loading failed for the following reason:
 project path </home/dayasagarreddy1/data_extraction/Cricbuzz_Real_Time_Project/dbt_project.yml> not found

[0m09:16:04.541429 [debug] [MainThread]: Resource report: {"command_name": "debug", "command_success": false, "command_wall_clock_time": 5.769653, "process_in_blocks": "1904", "process_kernel_time": 0.702012, "process_mem_max_rss": "369472", "process_out_blocks": "16", "process_user_time": 6.002956}
[0m09:16:04.542189 [debug] [MainThread]: Command `dbt debug` failed at 09:16:04.542033 after 5.77 seconds
[0m09:16:04.542751 [debug] [MainThread]: Connection 'debug' was properly closed.
[0m09:16:04.543353 [debug] [MainThread]: Flushing usage events
